Arguments: 
  /usr/bin/node /usr/share/yarn/bin/yarn.js add web3

PATH: 
  /home/mishajames/.nodenv/bin:/home/mishajames/.rbenv/bin:/home/mishajames/.rbenv/bin:/home/mishajames/.rbenv/shims:/home/mishajames/.rbenv/bin:/home/mishajames/.local/bin:/home/mishajames/.nodenv/bin:/home/mishajames/.rbenv/bin:/home/mishajames/.rbenv/bin:/home/mishajames/.rbenv/shims:/home/mishajames/.rbenv/bin:/home/mishajames/.cargo/bin:/home/mishajames/.local/bin:/usr/local/sbin:/usr/local/bin:/usr/sbin:/usr/bin:/sbin:/bin:/usr/games:/usr/local/games:/snap/bin:/home/mishajames/.rvm/bin:/home/mishajames/.rvm/bin:/home/mishajames/.rvm/bin:/home/mishajames/.rvm/bin

Yarn version: 
  1.22.5

Node version: 
  14.17.4

Platform: 
  linux x64

Trace: 
  Error: connect ENETUNREACH 104.16.18.35:443 - Local (0.0.0.0:0)
      at internalConnect (net.js:923:16)
      at defaultTriggerAsyncIdScope (internal/async_hooks.js:435:18)
      at emitLookup (net.js:1066:9)
      at /usr/share/yarn/lib/cli.js:107543:29
      at /usr/share/yarn/lib/cli.js:107389:25
      at RawTask.module.exports.RawTask.call (/usr/share/yarn/lib/cli.js:83614:19)
      at flush (/usr/share/yarn/lib/cli.js:83696:29)
      at processTicksAndRejections (internal/process/task_queues.js:77:11)

npm manifest: 
  {
    "name": "corona-react",
    "version": "1.1.0",
    "homepage": "http://bootstrapdash.com/demo/corona-react-free/template/demo_1/preview",
    "private": true,
    "dependencies": {
      "@lourenci/react-kanban": "^0.13.0",
      "@mdi/font": "^4.2.95",
      "@tinymce/tinymce-react": "^3.3.2",
      "apexcharts": "^3.28.3",
      "bootstrap": "^4.3.1",
      "bosket": "^0.2.3",
      "brace": "^0.11.1",
      "bs-custom-file-input": "^1.3.4",
      "canvasjs": "^1.8.1",
      "chart.js": "^2.9.4",
      "chartist": "^0.11.4",
      "cogo-toast": "^4.1.1",
      "compass-mixins": "^0.12.10",
      "flag-icon-css": "^3.3.0",
      "font-awesome": "^4.7.0",
      "i18next": "^19.0.0",
      "i18next-browser-languagedetector": "^4.0.1",
      "mkdirp": "^0.5.1",
      "moment": "^2.29.1",
      "namor": "^1.1.3",
      "node-sass": "^4.13.1",
      "nouislider-react": "^3.3.2",
      "react": "^16.9.0",
      "react-ace": "^7.0.4",
      "react-apexcharts": "^1.3.9",
      "react-bootstrap": "^1.0.0-beta.12",
      "react-bootstrap-editable": "^0.5.1",
      "react-bootstrap-typeahead": "^3.4.7",
      "react-chartjs-2": "^2.8.0",
      "react-clipboard.js": "^2.0.16",
      "react-color": "^2.17.3",
      "react-datepicker": "^2.9.6",
      "react-dnd": "^9.4.0",
      "react-dnd-html5-backend": "^9.4.0",
      "react-dnd-multi-backend": "^3.2.2",
      "react-dnd-touch-backend": "^9.4.0",
      "react-dom": "^16.9.0",
      "react-dragula": "^1.1.17",
      "react-dropzone": "^10.1.9",
      "react-fast-marquee": "^1.2.1",
      "react-i18next": "^11.1.0",
      "react-images": "^1.0.0",
      "react-input-mask": "^3.0.0-alpha.0",
      "react-jvectormap": "0.0.13",
      "react-quill": "^1.3.3",
      "react-router-dom": "^5.0.1",
      "react-scripts": "3.1.1",
      "react-select": "^3.0.8",
      "react-simple-maps": "^1.0.0-beta.0",
      "react-simplemde-editor": "^4.1.0",
      "react-slick": "^0.25.2",
      "react-svg-gauge": "^1.0.10",
      "react-table": "^6.10.3",
      "react-tag-autocomplete": "^5.11.1",
      "react-treebeard": "^3.2.4",
      "react-trello": "^2.2.3",
      "simple-line-icons": "^2.4.1",
      "slick-carousel": "^1.8.1",
      "sweetalert2-react": "^0.8.3",
      "ti-icons": "^0.1.2",
      "truffle": "^4.1.17",
      "typicons.font": "^2.0.9"
    },
    "scripts": {
      "start": "react-scripts start",
      "build": "react-scripts build",
      "test": "react-scripts test",
      "eject": "react-scripts eject"
    },
    "eslintConfig": {
      "extends": "react-app"
    },
    "browserslist": {
      "production": [
        ">0.2%",
        "not dead",
        "not op_mini all"
      ],
      "development": [
        "last 1 chrome version",
        "last 1 firefox version",
        "last 1 safari version"
      ]
    }
  }

yarn manifest: 
  No manifest

Lockfile: 
  No lockfile
